<?xml version="1.0" encoding="UTF-8"?>
<!-- Generated by org.testng.reporters.JUnitReportReporter -->
<testsuite skipped="0" hostname="BLR-NB0122" name="testNgScripts.Mi" tests="1" failures="0" timestamp="16 Dec 2020 14:19:53 GMT" time="23.215" errors="0">
  <testcase name="miMobile" time="23.215" classname="testNgScripts.Mi"/>
</testsuite> <!-- testNgScripts.Mi -->
