<?xml version="1.0" encoding="UTF-8"?>
<!-- Generated by org.testng.reporters.JUnitReportReporter -->
<testsuite skipped="0" hostname="BLR-NB0122" name="testNgScripts.SearchMobile" tests="1" failures="0" timestamp="16 Dec 2020 14:19:53 GMT" time="21.524" errors="0">
  <testcase name="searchMobile" time="21.524" classname="testNgScripts.SearchMobile"/>
</testsuite> <!-- testNgScripts.SearchMobile -->
